[2026-03-21 03:22:20] vos.app        DEBUG    Gradient bg skipped: wrong # args: should be ".!canvas lower tagOrId ?belowThis?"
[2026-03-21 03:22:23] vos.app        INFO     Authorization check completed. Result: True
[2026-03-21 03:22:23] vos.app        INFO     User IS authorized. Un-hiding cards...
[2026-03-21 03:22:23] vos.updater    INFO     Version comparison: local=2.8.0 ((2, 8, 0)), remote=2.8.0 ((2, 8, 0)) -> Update=False
[2026-03-21 03:22:23] vos.updater    DEBUG    No update needed (current: 2.8.0, remote: 2.8.0)
[2026-03-21 03:22:59] vos.app        DEBUG    Gradient bg skipped: wrong # args: should be ".!canvas lower tagOrId ?belowThis?"
[2026-03-21 03:23:01] vos.app        INFO     Authorization check completed. Result: True
[2026-03-21 03:23:01] vos.app        INFO     User IS authorized. Un-hiding cards...
[2026-03-21 03:23:01] vos.updater    INFO     Version comparison: local=2.8.0 ((2, 8, 0)), remote=2.8.0 ((2, 8, 0)) -> Update=False
[2026-03-21 03:23:01] vos.updater    DEBUG    No update needed (current: 2.8.0, remote: 2.8.0)
[2026-03-21 03:23:03] vos.app        INFO     Starting diagnostics 
[2026-03-21 03:23:03] vos.app        INFO     Running all diagnostic tasks
[2026-03-21 03:23:04] vos.disk       INFO     Disk check: C: — 173.0GB free / 476GB total (63.6% used)
[2026-03-21 03:23:04] vos.vpn        INFO     No VPN detected
[2026-03-21 03:23:04] vos.app        INFO     Disk: 173.0GB free on C:
[2026-03-21 03:23:04] vos.app        INFO     Task 'disk' completed successfully
[2026-03-21 03:23:04] vos.app        INFO     Mic: 100/100 (Microphone Array (تقنية Intel® Smart Sound لأجهزة ميكروفون رقمية) - Built-in)
[2026-03-21 03:23:04] vos.app        INFO     Chrome: OUTDATED (v146)
[2026-03-21 03:23:04] vos.app        INFO     Task 'chrome' completed successfully
[2026-03-21 03:23:06] vos.app        INFO     Specs: 12th Gen Intel(R) Core(TM) i7-1255U, 16GB RAM, GPU: Intel(R) Iris(R) Xe Graphics
[2026-03-21 03:23:06] vos.app        INFO     Task 'specs' completed successfully
[2026-03-21 03:23:21] vos.app        INFO     Speed: 26.1↓ / 4.5↑ Mbps
[2026-03-21 03:23:21] vos.app        INFO     Task 'speed' completed successfully
[2026-03-21 03:23:21] vos.app        INFO     Running ping task sequentially
[2026-03-21 03:23:59] vos.app        INFO     Ping: 95/100 (GOOD)
[2026-03-21 03:23:59] vos.app        INFO     Task 'ping' completed successfully
[2026-03-21 03:23:59] vos.app        INFO     All tasks done. Results: ['speed', 'mic', 'disk', 'vpn', 'chrome', 'specs', 'ping']
[2026-03-21 03:24:01] vos.app        INFO     Results posted to dashboard at https://mohamed404.pythonanywhere.com
[2026-03-21 03:26:48] vos.app        INFO     Minimizing to tray...
[2026-03-21 03:28:27] vos.app        DEBUG    Gradient bg skipped: wrong # args: should be ".!canvas lower tagOrId ?belowThis?"
[2026-03-21 03:28:29] vos.updater    INFO     Version comparison: local=2.8.0 ((2, 8, 0)), remote=2.8.0 ((2, 8, 0)) -> Update=False
[2026-03-21 03:28:29] vos.updater    DEBUG    No update needed (current: 2.8.0, remote: 2.8.0)
[2026-03-21 03:28:29] vos.app        INFO     Authorization check completed. Result: True
[2026-03-21 03:28:29] vos.app        INFO     User IS authorized. Un-hiding cards...
[2026-03-21 03:28:42] vos.app        INFO     Starting diagnostics 
[2026-03-21 03:28:42] vos.app        INFO     Running all diagnostic tasks
[2026-03-21 03:28:42] vos.disk       INFO     Disk check: C: — 172.8GB free / 476GB total (63.7% used)
[2026-03-21 03:28:42] vos.vpn        INFO     No VPN detected
[2026-03-21 03:28:42] vos.app        INFO     Disk: 172.8GB free on C:
[2026-03-21 03:28:42] vos.app        INFO     Task 'disk' completed successfully
[2026-03-21 03:28:42] vos.app        INFO     Mic: 100/100 (Microphone Array (تقنية Intel® Smart Sound لأجهزة ميكروفون رقمية) - Built-in)
[2026-03-21 03:28:45] vos.app        INFO     Specs: 12th Gen Intel(R) Core(TM) i7-1255U, 16GB RAM, GPU: Intel(R) Iris(R) Xe Graphics
[2026-03-21 03:28:45] vos.app        INFO     Task 'specs' completed successfully
[2026-03-21 03:28:45] vos.app        INFO     Chrome: OUTDATED (v146)
[2026-03-21 03:28:45] vos.app        INFO     Task 'chrome' completed successfully
[2026-03-21 03:29:01] vos.app        INFO     Speed: 25.8↓ / 4.4↑ Mbps
[2026-03-21 03:29:01] vos.app        INFO     Task 'speed' completed successfully
[2026-03-21 03:29:01] vos.app        INFO     Running ping task sequentially
[2026-03-21 03:29:40] vos.app        INFO     Ping: 60/100 (MARGINAL)
[2026-03-21 03:29:40] vos.app        INFO     Task 'ping' completed successfully
[2026-03-21 03:29:40] vos.app        INFO     All tasks done. Results: ['speed', 'mic', 'disk', 'vpn', 'specs', 'chrome', 'ping']
[2026-03-21 03:29:41] vos.app        INFO     Results posted to dashboard at https://mohamed404.pythonanywhere.com
[2026-03-21 03:31:04] vos.app        INFO     Minimizing to tray...
[2026-03-21 03:57:57] vos.app        DEBUG    Gradient bg skipped: wrong # args: should be ".!canvas lower tagOrId ?belowThis?"
[2026-03-21 03:57:59] vos.updater    INFO     Version comparison: local=2.8.0 ((2, 8, 0)), remote=2.8.0 ((2, 8, 0)) -> Update=False
[2026-03-21 03:57:59] vos.updater    DEBUG    No update needed (current: 2.8.0, remote: 2.8.0)
[2026-03-21 03:58:11] vos.app        DEBUG    Gradient bg skipped: wrong # args: should be ".!canvas lower tagOrId ?belowThis?"
[2026-03-21 03:58:13] vos.updater    INFO     Version comparison: local=2.8.0 ((2, 8, 0)), remote=2.8.0 ((2, 8, 0)) -> Update=False
[2026-03-21 03:58:13] vos.updater    DEBUG    No update needed (current: 2.8.0, remote: 2.8.0)
